{"/Users/sakatia/Desktop/date-lab/src/index.js": {"path":"/Users/sakatia/Desktop/date-lab/src/index.js","statementMap":{"0":{"start":{"line":3,"column":4},"end":{"line":3,"column":35}},"1":{"start":{"line":8,"column":4},"end":{"line":8,"column":36}},"2":{"start":{"line":13,"column":4},"end":{"line":13,"column":42}},"3":{"start":{"line":18,"column":18},"end":{"line":31,"column":5}},"4":{"start":{"line":32,"column":4},"end":{"line":32,"column":40}},"5":{"start":{"line":37,"column":18},"end":{"line":50,"column":5}},"6":{"start":{"line":52,"column":4},"end":{"line":52,"column":56}},"7":{"start":{"line":57,"column":20},"end":{"line":65,"column":5}},"8":{"start":{"line":67,"column":4},"end":{"line":67,"column":42}},"9":{"start":{"line":72,"column":20},"end":{"line":80,"column":5}},"10":{"start":{"line":82,"column":4},"end":{"line":82,"column":56}},"11":{"start":{"line":86,"column":4},"end":{"line":86,"column":32}},"12":{"start":{"line":90,"column":4},"end":{"line":90,"column":33}},"13":{"start":{"line":94,"column":4},"end":{"line":94,"column":35}},"14":{"start":{"line":98,"column":4},"end":{"line":98,"column":35}},"15":{"start":{"line":125,"column":16},"end":{"line":125,"column":40}},"16":{"start":{"line":126,"column":14},"end":{"line":126,"column":21}},"17":{"start":{"line":127,"column":6},"end":{"line":127,"column":52}},"18":{"start":{"line":130,"column":4},"end":{"line":149,"column":5}},"19":{"start":{"line":132,"column":6},"end":{"line":132,"column":54}},"20":{"start":{"line":135,"column":6},"end":{"line":148,"column":31}},"21":{"start":{"line":169,"column":18},"end":{"line":169,"column":28}},"22":{"start":{"line":170,"column":21},"end":{"line":170,"column":39}},"23":{"start":{"line":172,"column":22},"end":{"line":172,"column":68}},"24":{"start":{"line":173,"column":23},"end":{"line":173,"column":84}},"25":{"start":{"line":174,"column":21},"end":{"line":174,"column":65}},"26":{"start":{"line":176,"column":4},"end":{"line":193,"column":5}},"27":{"start":{"line":177,"column":6},"end":{"line":177,"column":21}},"28":{"start":{"line":178,"column":11},"end":{"line":193,"column":5}},"29":{"start":{"line":179,"column":6},"end":{"line":185,"column":7}},"30":{"start":{"line":180,"column":8},"end":{"line":180,"column":52}},"31":{"start":{"line":181,"column":13},"end":{"line":185,"column":7}},"32":{"start":{"line":182,"column":8},"end":{"line":182,"column":58}},"33":{"start":{"line":183,"column":13},"end":{"line":185,"column":7}},"34":{"start":{"line":184,"column":8},"end":{"line":184,"column":58}},"35":{"start":{"line":187,"column":11},"end":{"line":193,"column":5}},"36":{"start":{"line":188,"column":6},"end":{"line":188,"column":55}},"37":{"start":{"line":189,"column":11},"end":{"line":193,"column":5}},"38":{"start":{"line":190,"column":6},"end":{"line":190,"column":58}},"39":{"start":{"line":191,"column":11},"end":{"line":193,"column":5}},"40":{"start":{"line":192,"column":6},"end":{"line":192,"column":60}},"41":{"start":{"line":198,"column":0},"end":{"line":198,"column":19}},"42":{"start":{"line":200,"column":12},"end":{"line":200,"column":19}},"43":{"start":{"line":201,"column":17},"end":{"line":201,"column":29}},"44":{"start":{"line":202,"column":0},"end":{"line":202,"column":20}}},"fnMap":{"0":{"name":"(anonymous_0)","decl":{"start":{"line":2,"column":2},"end":{"line":2,"column":3}},"loc":{"start":{"line":2,"column":23},"end":{"line":4,"column":3}},"line":2},"1":{"name":"(anonymous_1)","decl":{"start":{"line":7,"column":2},"end":{"line":7,"column":3}},"loc":{"start":{"line":7,"column":13},"end":{"line":9,"column":3}},"line":7},"2":{"name":"(anonymous_2)","decl":{"start":{"line":12,"column":2},"end":{"line":12,"column":3}},"loc":{"start":{"line":12,"column":11},"end":{"line":14,"column":3}},"line":12},"3":{"name":"(anonymous_3)","decl":{"start":{"line":17,"column":2},"end":{"line":17,"column":3}},"loc":{"start":{"line":17,"column":14},"end":{"line":33,"column":3}},"line":17},"4":{"name":"(anonymous_4)","decl":{"start":{"line":36,"column":2},"end":{"line":36,"column":3}},"loc":{"start":{"line":36,"column":12},"end":{"line":53,"column":3}},"line":36},"5":{"name":"(anonymous_5)","decl":{"start":{"line":56,"column":2},"end":{"line":56,"column":3}},"loc":{"start":{"line":56,"column":12},"end":{"line":68,"column":3}},"line":56},"6":{"name":"(anonymous_6)","decl":{"start":{"line":71,"column":2},"end":{"line":71,"column":3}},"loc":{"start":{"line":71,"column":11},"end":{"line":83,"column":3}},"line":71},"7":{"name":"(anonymous_7)","decl":{"start":{"line":85,"column":2},"end":{"line":85,"column":3}},"loc":{"start":{"line":85,"column":13},"end":{"line":87,"column":3}},"line":85},"8":{"name":"(anonymous_8)","decl":{"start":{"line":89,"column":2},"end":{"line":89,"column":3}},"loc":{"start":{"line":89,"column":14},"end":{"line":91,"column":3}},"line":89},"9":{"name":"(anonymous_9)","decl":{"start":{"line":93,"column":2},"end":{"line":93,"column":3}},"loc":{"start":{"line":93,"column":13},"end":{"line":95,"column":3}},"line":93},"10":{"name":"(anonymous_10)","decl":{"start":{"line":97,"column":2},"end":{"line":97,"column":3}},"loc":{"start":{"line":97,"column":13},"end":{"line":99,"column":3}},"line":97},"11":{"name":"(anonymous_11)","decl":{"start":{"line":121,"column":2},"end":{"line":121,"column":3}},"loc":{"start":{"line":121,"column":17},"end":{"line":150,"column":3}},"line":121},"12":{"name":"getNumberWithOrdinal","decl":{"start":{"line":122,"column":13},"end":{"line":122,"column":33}},"loc":{"start":{"line":122,"column":37},"end":{"line":128,"column":5}},"line":122},"13":{"name":"(anonymous_13)","decl":{"start":{"line":167,"column":2},"end":{"line":167,"column":3}},"loc":{"start":{"line":167,"column":8},"end":{"line":194,"column":3}},"line":167}},"branchMap":{"0":{"loc":{"start":{"line":127,"column":18},"end":{"line":127,"column":50}},"type":"binary-expr","locations":[{"start":{"line":127,"column":18},"end":{"line":127,"column":34}},{"start":{"line":127,"column":38},"end":{"line":127,"column":42}},{"start":{"line":127,"column":46},"end":{"line":127,"column":50}}],"line":127},"1":{"loc":{"start":{"line":130,"column":4},"end":{"line":149,"column":5}},"type":"if","locations":[{"start":{"line":130,"column":4},"end":{"line":149,"column":5}},{"start":{"line":133,"column":11},"end":{"line":149,"column":5}}],"line":130},"2":{"loc":{"start":{"line":140,"column":21},"end":{"line":140,"column":63}},"type":"cond-expr","locations":[{"start":{"line":140,"column":38},"end":{"line":140,"column":51}},{"start":{"line":140,"column":54},"end":{"line":140,"column":63}}],"line":140},"3":{"loc":{"start":{"line":143,"column":21},"end":{"line":143,"column":66}},"type":"cond-expr","locations":[{"start":{"line":143,"column":39},"end":{"line":143,"column":53}},{"start":{"line":143,"column":56},"end":{"line":143,"column":66}}],"line":143},"4":{"loc":{"start":{"line":145,"column":22},"end":{"line":145,"column":64}},"type":"cond-expr","locations":[{"start":{"line":145,"column":39},"end":{"line":145,"column":52}},{"start":{"line":145,"column":55},"end":{"line":145,"column":64}}],"line":145},"5":{"loc":{"start":{"line":147,"column":22},"end":{"line":147,"column":64}},"type":"cond-expr","locations":[{"start":{"line":147,"column":39},"end":{"line":147,"column":52}},{"start":{"line":147,"column":55},"end":{"line":147,"column":64}}],"line":147},"6":{"loc":{"start":{"line":176,"column":4},"end":{"line":193,"column":5}},"type":"if","locations":[{"start":{"line":176,"column":4},"end":{"line":193,"column":5}},{"start":{"line":178,"column":11},"end":{"line":193,"column":5}}],"line":176},"7":{"loc":{"start":{"line":178,"column":11},"end":{"line":193,"column":5}},"type":"if","locations":[{"start":{"line":178,"column":11},"end":{"line":193,"column":5}},{"start":{"line":187,"column":11},"end":{"line":193,"column":5}}],"line":178},"8":{"loc":{"start":{"line":179,"column":6},"end":{"line":185,"column":7}},"type":"if","locations":[{"start":{"line":179,"column":6},"end":{"line":185,"column":7}},{"start":{"line":181,"column":13},"end":{"line":185,"column":7}}],"line":179},"9":{"loc":{"start":{"line":181,"column":13},"end":{"line":185,"column":7}},"type":"if","locations":[{"start":{"line":181,"column":13},"end":{"line":185,"column":7}},{"start":{"line":183,"column":13},"end":{"line":185,"column":7}}],"line":181},"10":{"loc":{"start":{"line":181,"column":16},"end":{"line":181,"column":50}},"type":"binary-expr","locations":[{"start":{"line":181,"column":16},"end":{"line":181,"column":31}},{"start":{"line":181,"column":35},"end":{"line":181,"column":50}}],"line":181},"11":{"loc":{"start":{"line":183,"column":13},"end":{"line":185,"column":7}},"type":"if","locations":[{"start":{"line":183,"column":13},"end":{"line":185,"column":7}},{"start":{},"end":{}}],"line":183},"12":{"loc":{"start":{"line":187,"column":11},"end":{"line":193,"column":5}},"type":"if","locations":[{"start":{"line":187,"column":11},"end":{"line":193,"column":5}},{"start":{"line":189,"column":11},"end":{"line":193,"column":5}}],"line":187},"13":{"loc":{"start":{"line":189,"column":11},"end":{"line":193,"column":5}},"type":"if","locations":[{"start":{"line":189,"column":11},"end":{"line":193,"column":5}},{"start":{"line":191,"column":11},"end":{"line":193,"column":5}}],"line":189},"14":{"loc":{"start":{"line":189,"column":15},"end":{"line":189,"column":49}},"type":"binary-expr","locations":[{"start":{"line":189,"column":15},"end":{"line":189,"column":30}},{"start":{"line":189,"column":34},"end":{"line":189,"column":49}}],"line":189},"15":{"loc":{"start":{"line":191,"column":11},"end":{"line":193,"column":5}},"type":"if","locations":[{"start":{"line":191,"column":11},"end":{"line":193,"column":5}},{"start":{},"end":{}}],"line":191}},"s":{"0":13,"1":2,"2":2,"3":2,"4":2,"5":2,"6":2,"7":1,"8":1,"9":1,"10":1,"11":5,"12":4,"13":4,"14":4,"15":1,"16":1,"17":1,"18":1,"19":0,"20":1,"21":0,"22":0,"23":0,"24":0,"25":0,"26":0,"27":0,"28":0,"29":0,"30":0,"31":0,"32":0,"33":0,"34":0,"35":0,"36":0,"37":0,"38":0,"39":0,"40":0,"41":1,"42":1,"43":1,"44":1},"f":{"0":13,"1":2,"2":2,"3":2,"4":2,"5":1,"6":1,"7":5,"8":4,"9":4,"10":4,"11":1,"12":1,"13":0},"b":{"0":[1,0,0],"1":[0,1],"2":[0,1],"3":[0,1],"4":[0,1],"5":[0,1],"6":[0,0],"7":[0,0],"8":[0,0],"9":[0,0],"10":[0,0],"11":[0,0],"12":[0,0],"13":[0,0],"14":[0,0],"15":[0,0]},"_coverageSchema":"1a1c01bbd47fc00a2c39e90264f33305004495a9","hash":"e1eb8ffee2be09079ae13c6f8df3b0b6d0fa2cc2"}
}
