TN:
SF:index.js
FN:2,(anonymous_0)
FN:7,(anonymous_1)
FN:12,(anonymous_2)
FN:17,(anonymous_3)
FN:36,(anonymous_4)
FN:56,(anonymous_5)
FN:71,(anonymous_6)
FN:85,(anonymous_7)
FN:89,(anonymous_8)
FN:93,(anonymous_9)
FN:97,(anonymous_10)
FN:121,(anonymous_11)
FN:122,getNumberWithOrdinal
FN:167,(anonymous_13)
FNF:14
FNH:13
FNDA:13,(anonymous_0)
FNDA:2,(anonymous_1)
FNDA:2,(anonymous_2)
FNDA:2,(anonymous_3)
FNDA:2,(anonymous_4)
FNDA:1,(anonymous_5)
FNDA:1,(anonymous_6)
FNDA:5,(anonymous_7)
FNDA:4,(anonymous_8)
FNDA:4,(anonymous_9)
FNDA:4,(anonymous_10)
FNDA:1,(anonymous_11)
FNDA:1,getNumberWithOrdinal
FNDA:0,(anonymous_13)
DA:3,13
DA:8,2
DA:13,2
DA:18,2
DA:32,2
DA:37,2
DA:52,2
DA:57,1
DA:67,1
DA:72,1
DA:82,1
DA:86,5
DA:90,4
DA:94,4
DA:98,4
DA:125,1
DA:126,1
DA:127,1
DA:130,1
DA:132,0
DA:135,1
DA:169,0
DA:170,0
DA:172,0
DA:173,0
DA:174,0
DA:176,0
DA:177,0
DA:178,0
DA:179,0
DA:180,0
DA:181,0
DA:182,0
DA:183,0
DA:184,0
DA:187,0
DA:188,0
DA:189,0
DA:190,0
DA:191,0
DA:192,0
DA:198,1
DA:200,1
DA:201,1
DA:202,1
LF:45
LH:24
BRDA:127,0,0,1
BRDA:127,0,1,0
BRDA:127,0,2,0
BRDA:130,1,0,0
BRDA:130,1,1,1
BRDA:140,2,0,0
BRDA:140,2,1,1
BRDA:143,3,0,0
BRDA:143,3,1,1
BRDA:145,4,0,0
BRDA:145,4,1,1
BRDA:147,5,0,0
BRDA:147,5,1,1
BRDA:176,6,0,0
BRDA:176,6,1,0
BRDA:178,7,0,0
BRDA:178,7,1,0
BRDA:179,8,0,0
BRDA:179,8,1,0
BRDA:181,9,0,0
BRDA:181,9,1,0
BRDA:181,10,0,0
BRDA:181,10,1,0
BRDA:183,11,0,0
BRDA:183,11,1,0
BRDA:187,12,0,0
BRDA:187,12,1,0
BRDA:189,13,0,0
BRDA:189,13,1,0
BRDA:189,14,0,0
BRDA:189,14,1,0
BRDA:191,15,0,0
BRDA:191,15,1,0
BRF:33
BRH:6
end_of_record
